<?xml version="1.0" encoding="UTF-8"?>
<!-- Generated by org.testng.reporters.JUnitXMLReporter -->
<testsuite ignored="0" hostname="DESKTOP-GOTDN6L" failures="2" tests="3" name="Tc 02-Soft Assert Test" time="37.983" errors="0" timestamp="2021-10-22T20:18:07 IST">
  <testcase classname="com.selenium.testng.SoftAssertTest" name="homePageTest" time="8.732">
    <failure type="java.lang.AssertionError" message="The following asserts failed:
	Title does not contain Zoopla expected [true] but found [false],
	expected [https://www.zoopla.co.uk] but found [https://www.zoopla.co.uk/]">
      <![CDATA[java.lang.AssertionError: The following asserts failed:
Title does not contain Zoopla expected [true] but found [false],
expected [https://www.zoopla.co.uk] but found [https://www.zoopla.co.uk/]
at com.selenium.testng.SoftAssertTest.homePageTest(SoftAssertTest.java:52)
at java.base/java.util.ArrayList.forEach(ArrayList.java:1511)
... Removed 29 stack frames]]>
    </failure>
  </testcase> <!-- homePageTest -->
  <testcase classname="com.selenium.testng.SoftAssertTest" name="verifySearchTest" time="18.599"/>
  <testcase classname="com.selenium.testng.SoftAssertTest" name="propertyDetailTest" time="7.562">
    <failure type="java.lang.AssertionError" message="The following asserts failed:
	expected [2 bed flat for sale] but found [£550,000],
	expected [£550,000] but found [2 bed flat for sale]">
      <![CDATA[java.lang.AssertionError: The following asserts failed:
expected [2 bed flat for sale] but found [£550,000],
expected [£550,000] but found [2 bed flat for sale]
at com.selenium.testng.SoftAssertTest.propertyDetailTest(SoftAssertTest.java:99)
at java.base/java.util.ArrayList.forEach(ArrayList.java:1511)
... Removed 29 stack frames]]>
    </failure>
  </testcase> <!-- propertyDetailTest -->
</testsuite> <!-- Tc 02-Soft Assert Test -->
