<?xml version="1.0" encoding="UTF-8"?>
<!-- Generated by org.testng.reporters.JUnitReportReporter -->
<testsuite hostname="DESKTOP-GOTDN6L" failures="0" tests="2" name="com.selenium.testng.BrowserCode" time="108.454" errors="1" timestamp="2021-12-04T12:28:56 IST" skipped="0">
  <testcase classname="com.selenium.testng.BrowserCode" name="firefoxBrowser" time="77.751"/>
  <system-out/>
  <testcase classname="com.selenium.testng.BrowserCode" name="edgeBrowser" time="30.703">
    <error message="session not created: This version of MSEdgeDriver only supports MSEdge version 94
Current browser version is 96.0.1054.43 with binary path C:\Program Files (x86)\Microsoft\Edge\Application\msedge.exe
Build info: version: &#039;3.141.59&#039;, revision: &#039;e82be7d358&#039;, time: &#039;2018-11-14T08:17:03&#039;
System info: host: &#039;DESKTOP-GOTDN6L&#039;, ip: &#039;192.168.31.206&#039;, os.name: &#039;Windows 10&#039;, os.arch: &#039;amd64&#039;, os.version: &#039;10.0&#039;, java.version: &#039;15.0.1&#039;
Driver info: driver.version: EdgeDriver
remote stacktrace: Backtrace:
	Microsoft::Applications::Events::EventProperties::SetName [0x00007FF6CFAC3202+11666]
	Microsoft::Applications::Events::EventProperty::to_string [0x00007FF6CF6F91D3+943811]
	Microsoft::Applications::Events::EventProperty::to_string [0x00007FF6CF72395D+1117773]
	Microsoft::Applications::Events::EventProperty::to_string [0x00007FF6CF72009D+1103245]
	Microsoft::Applications::Events::EventProperty::to_string [0x00007FF6CF719296+1075078]
	Microsoft::Applications::Events::EventProperty::to_string [0x00007FF6CF754420+1317136]
	Microsoft::Applications::Events::EventProperty::to_string [0x00007FF6CF74F61F+1297167]
	Microsoft::Applications::Events::EventProperty::to_string [0x00007FF6CF72577F+1125487]
	Microsoft::Applications::Events::EventProperty::to_string [0x00007FF6CF72688F+1129855]
	Microsoft::Applications::Events::EventProperty::~EventProperty [0x00007FF6CF7DE9CD+17933]
	Microsoft::Applications::Events::EventProperty::to_string [0x00007FF6CF78DB41+1552433]
	Microsoft::Applications::Events::EventProperty::EventProperty [0x00007FF6CF991729+2633]
	Microsoft::Applications::Events::EventProperty::to_string [0x00007FF6CF78EBC9+1556665]
	Microsoft::Applications::Events::EventProperties::SetName [0x00007FF6CFAC3AC8+13912]
	Microsoft::Applications::Events::EventProperties::SetName [0x00007FF6CFAC3534+12484]
	Microsoft::Applications::Events::EventProperties::SetName [0x00007FF6CFAC3386+12054]
	Microsoft::Applications::Events::EventProperty::EventProperty [0x00007FF6CFA6465C+73452]
	BaseThreadInitThunk [0x00007FFBEC5F7034+20]
	RtlUserThreadStart [0x00007FFBED202651+33]
" type="org.openqa.selenium.SessionNotCreatedException">
      <![CDATA[org.openqa.selenium.SessionNotCreatedException: session not created: This version of MSEdgeDriver only supports MSEdge version 94
Current browser version is 96.0.1054.43 with binary path C:\Program Files (x86)\Microsoft\Edge\Application\msedge.exe
Build info: version: '3.141.59', revision: 'e82be7d358', time: '2018-11-14T08:17:03'
System info: host: 'DESKTOP-GOTDN6L', ip: '192.168.31.206', os.name: 'Windows 10', os.arch: 'amd64', os.version: '10.0', java.version: '15.0.1'
Driver info: driver.version: EdgeDriver
remote stacktrace: Backtrace:
Microsoft::Applications::Events::EventProperties::SetName [0x00007FF6CFAC3202+11666]
Microsoft::Applications::Events::EventProperty::to_string [0x00007FF6CF6F91D3+943811]
Microsoft::Applications::Events::EventProperty::to_string [0x00007FF6CF72395D+1117773]
Microsoft::Applications::Events::EventProperty::to_string [0x00007FF6CF72009D+1103245]
Microsoft::Applications::Events::EventProperty::to_string [0x00007FF6CF719296+1075078]
Microsoft::Applications::Events::EventProperty::to_string [0x00007FF6CF754420+1317136]
Microsoft::Applications::Events::EventProperty::to_string [0x00007FF6CF74F61F+1297167]
Microsoft::Applications::Events::EventProperty::to_string [0x00007FF6CF72577F+1125487]
Microsoft::Applications::Events::EventProperty::to_string [0x00007FF6CF72688F+1129855]
Microsoft::Applications::Events::EventProperty::~EventProperty [0x00007FF6CF7DE9CD+17933]
Microsoft::Applications::Events::EventProperty::to_string [0x00007FF6CF78DB41+1552433]
Microsoft::Applications::Events::EventProperty::EventProperty [0x00007FF6CF991729+2633]
Microsoft::Applications::Events::EventProperty::to_string [0x00007FF6CF78EBC9+1556665]
Microsoft::Applications::Events::EventProperties::SetName [0x00007FF6CFAC3AC8+13912]
Microsoft::Applications::Events::EventProperties::SetName [0x00007FF6CFAC3534+12484]
Microsoft::Applications::Events::EventProperties::SetName [0x00007FF6CFAC3386+12054]
Microsoft::Applications::Events::EventProperty::EventProperty [0x00007FF6CFA6465C+73452]
BaseThreadInitThunk [0x00007FFBEC5F7034+20]
RtlUserThreadStart [0x00007FFBED202651+33]

at java.base/jdk.internal.reflect.NativeConstructorAccessorImpl.newInstance0(Native Method)
at java.base/jdk.internal.reflect.NativeConstructorAccessorImpl.newInstance(NativeConstructorAccessorImpl.java:64)
at java.base/jdk.internal.reflect.DelegatingConstructorAccessorImpl.newInstance(DelegatingConstructorAccessorImpl.java:45)
at java.base/java.lang.reflect.Constructor.newInstanceWithCaller(Constructor.java:500)
at java.base/java.lang.reflect.Constructor.newInstance(Constructor.java:481)
at org.openqa.selenium.remote.W3CHandshakeResponse.lambda$errorHandler$0(W3CHandshakeResponse.java:62)
at org.openqa.selenium.remote.HandshakeResponse.lambda$getResponseFunction$0(HandshakeResponse.java:30)
at org.openqa.selenium.remote.ProtocolHandshake.lambda$createSession$0(ProtocolHandshake.java:126)
at java.base/java.util.stream.ReferencePipeline$3$1.accept(ReferencePipeline.java:195)
at java.base/java.util.Spliterators$ArraySpliterator.tryAdvance(Spliterators.java:958)
at java.base/java.util.stream.ReferencePipeline.forEachWithCancel(ReferencePipeline.java:127)
at java.base/java.util.stream.AbstractPipeline.copyIntoWithCancel(AbstractPipeline.java:502)
at java.base/java.util.stream.AbstractPipeline.copyInto(AbstractPipeline.java:488)
at java.base/java.util.stream.AbstractPipeline.wrapAndCopyInto(AbstractPipeline.java:474)
at java.base/java.util.stream.FindOps$FindOp.evaluateSequential(FindOps.java:150)
at java.base/java.util.stream.AbstractPipeline.evaluate(AbstractPipeline.java:234)
at java.base/java.util.stream.ReferencePipeline.findFirst(ReferencePipeline.java:543)
at org.openqa.selenium.remote.ProtocolHandshake.createSession(ProtocolHandshake.java:128)
at org.openqa.selenium.remote.ProtocolHandshake.createSession(ProtocolHandshake.java:74)
at org.openqa.selenium.remote.HttpCommandExecutor.execute(HttpCommandExecutor.java:136)
at org.openqa.selenium.remote.service.DriverCommandExecutor.execute(DriverCommandExecutor.java:83)
at org.openqa.selenium.remote.RemoteWebDriver.execute(RemoteWebDriver.java:552)
at org.openqa.selenium.remote.RemoteWebDriver.startSession(RemoteWebDriver.java:213)
at org.openqa.selenium.remote.RemoteWebDriver.<init>(RemoteWebDriver.java:131)
at org.openqa.selenium.edge.EdgeDriver.<init>(EdgeDriver.java:141)
at org.openqa.selenium.edge.EdgeDriver.<init>(EdgeDriver.java:96)
at com.selenium.testng.BrowserCode.edgeBrowser(BrowserCode.java:44)
at java.base/jdk.internal.reflect.NativeMethodAccessorImpl.invoke0(Native Method)
at java.base/jdk.internal.reflect.NativeMethodAccessorImpl.invoke(NativeMethodAccessorImpl.java:64)
at java.base/jdk.internal.reflect.DelegatingMethodAccessorImpl.invoke(DelegatingMethodAccessorImpl.java:43)
at java.base/java.lang.reflect.Method.invoke(Method.java:564)
at org.testng.internal.MethodInvocationHelper.invokeMethod(MethodInvocationHelper.java:133)
at org.testng.internal.TestInvoker.invokeMethod(TestInvoker.java:598)
at org.testng.internal.TestInvoker.invokeTestMethod(TestInvoker.java:173)
at org.testng.internal.MethodRunner.runInSequence(MethodRunner.java:46)
at org.testng.internal.TestInvoker$MethodInvocationAgent.invoke(TestInvoker.java:824)
at org.testng.internal.TestInvoker.invokeTestMethods(TestInvoker.java:146)
at org.testng.internal.TestMethodWorker.invokeTestMethods(TestMethodWorker.java:146)
at org.testng.internal.TestMethodWorker.run(TestMethodWorker.java:128)
at java.base/java.util.ArrayList.forEach(ArrayList.java:1511)
at org.testng.TestRunner.privateRun(TestRunner.java:794)
at org.testng.TestRunner.run(TestRunner.java:596)
at org.testng.SuiteRunner.runTest(SuiteRunner.java:377)
at org.testng.SuiteRunner.access$000(SuiteRunner.java:28)
at org.testng.SuiteRunner$SuiteWorker.run(SuiteRunner.java:418)
at org.testng.internal.thread.ThreadUtil.lambda$execute$0(ThreadUtil.java:64)
at java.base/java.util.concurrent.FutureTask.run(FutureTask.java:264)
at java.base/java.util.concurrent.ThreadPoolExecutor.runWorker(ThreadPoolExecutor.java:1130)
at java.base/java.util.concurrent.ThreadPoolExecutor$Worker.run(ThreadPoolExecutor.java:630)
at java.base/java.lang.Thread.run(Thread.java:832)
]]>
    </error>
  </testcase> <!-- edgeBrowser -->
  <system-out/>
</testsuite> <!-- com.selenium.testng.BrowserCode -->
